debug: Mon, 20 Jun 2022 05:03:29 GMT
debug: Project: C:\Users\king\Documents\Bootcamp-AthenaStudio-TranGiaKiet\basket-boy
debug: Targets: editor,preview
debug: Incremental file seems great.
debug: Engine path: C:\CocosDashboard_1.0.20\resources\.editors\Creator\3.3.2\resources\resources\3d\engine
debug: Initializing target [Editor]
debug: Loading cache
debug: Loading cache costs 48.01139998435974ms.
debug: Engine features shipped in editor: base,gfx-webgl,gfx-webgl2,3d,2d,ui,particle,particle-2d,physics-framework,physics-2d-framework,intersection-2d,primitive,profiler,audio,video,terrain,webview,tween,tiled-map,spine,dragon-bones
debug: Initializing target [Preview]
debug: Loading cache
debug: Loading cache costs 35.779500007629395ms.
debug: Sync engine features: base,gfx-webgl,2d,ui,physics-2d-box2d,intersection-2d,profiler,particle-2d,audio,video,webview,tween,tiled-map,spine,dragon-bones
debug: Pulling asset-db.
debug: Fetch asset-db cost: 27.27979999780655ms.
debug: Build iteration starts.
Number of accumulated asset changes: 5
Feature changed: false
debug: Target(editor) build started.
debug: Detected change: cce:/internal/x/cc. Last mtime: Thu Jan 01 1970 07:00:38 GMT+0700 (Indochina Time), Current mtime: Thu Jan 01 1970 07:00:45 GMT+0700 (Indochina Time)
debug: Inspect cce:/internal/x/cc
debug: Resolve cce:/internal/x/cc-fu/base from cce:/internal/x/cc as external dependency cce:/internal/x/cc-fu/base.
debug: Resolve cce:/internal/x/cc-fu/gfx-webgl from cce:/internal/x/cc as external dependency cce:/internal/x/cc-fu/gfx-webgl.
debug: Resolve cce:/internal/x/cc-fu/gfx-webgl2 from cce:/internal/x/cc as external dependency cce:/internal/x/cc-fu/gfx-webgl2.
debug: Resolve cce:/internal/x/cc-fu/3d from cce:/internal/x/cc as external dependency cce:/internal/x/cc-fu/3d.
debug: Resolve cce:/internal/x/cc-fu/2d from cce:/internal/x/cc as external dependency cce:/internal/x/cc-fu/2d.
debug: Resolve cce:/internal/x/cc-fu/ui from cce:/internal/x/cc as external dependency cce:/internal/x/cc-fu/ui.
debug: Resolve cce:/internal/x/cc-fu/particle from cce:/internal/x/cc as external dependency cce:/internal/x/cc-fu/particle.
debug: Resolve cce:/internal/x/cc-fu/particle-2d from cce:/internal/x/cc as external dependency cce:/internal/x/cc-fu/particle-2d.
debug: Resolve cce:/internal/x/cc-fu/physics-framework from cce:/internal/x/cc as external dependency cce:/internal/x/cc-fu/physics-framework.
debug: Resolve cce:/internal/x/cc-fu/physics-2d-framework from cce:/internal/x/cc as external dependency cce:/internal/x/cc-fu/physics-2d-framework.
debug: Resolve cce:/internal/x/cc-fu/intersection-2d from cce:/internal/x/cc as external dependency cce:/internal/x/cc-fu/intersection-2d.
debug: Resolve cce:/internal/x/cc-fu/primitive from cce:/internal/x/cc as external dependency cce:/internal/x/cc-fu/primitive.
debug: Resolve cce:/internal/x/cc-fu/profiler from cce:/internal/x/cc as external dependency cce:/internal/x/cc-fu/profiler.
debug: Resolve cce:/internal/x/cc-fu/audio from cce:/internal/x/cc as external dependency cce:/internal/x/cc-fu/audio.
debug: Resolve cce:/internal/x/cc-fu/video from cce:/internal/x/cc as external dependency cce:/internal/x/cc-fu/video.
debug: Resolve cce:/internal/x/cc-fu/terrain from cce:/internal/x/cc as external dependency cce:/internal/x/cc-fu/terrain.
debug: Resolve cce:/internal/x/cc-fu/webview from cce:/internal/x/cc as external dependency cce:/internal/x/cc-fu/webview.
debug: Resolve cce:/internal/x/cc-fu/tween from cce:/internal/x/cc as external dependency cce:/internal/x/cc-fu/tween.
debug: Resolve cce:/internal/x/cc-fu/tiled-map from cce:/internal/x/cc as external dependency cce:/internal/x/cc-fu/tiled-map.
debug: Resolve cce:/internal/x/cc-fu/spine from cce:/internal/x/cc as external dependency cce:/internal/x/cc-fu/spine.
debug: Resolve cce:/internal/x/cc-fu/dragon-bones from cce:/internal/x/cc as external dependency cce:/internal/x/cc-fu/dragon-bones.
debug: Detected change: cce:/internal/x/prerequisite-imports. Last mtime: Thu Jan 01 1970 07:01:09 GMT+0700 (Indochina Time), Current mtime: Thu Jan 01 1970 07:01:26 GMT+0700 (Indochina Time)
debug: Inspect cce:/internal/x/prerequisite-imports
debug: Resolve file:///C:/Users/king/Documents/Bootcamp-AthenaStudio-TranGiaKiet/basket-boy/assets/scripts/ball.ts from cce:/internal/x/prerequisite-imports as file:///C:/Users/king/Documents/Bootcamp-AthenaStudio-TranGiaKiet/basket-boy/assets/scripts/ball.ts.
debug: Resolve file:///C:/Users/king/Documents/Bootcamp-AthenaStudio-TranGiaKiet/basket-boy/assets/scripts/basket.ts from cce:/internal/x/prerequisite-imports as file:///C:/Users/king/Documents/Bootcamp-AthenaStudio-TranGiaKiet/basket-boy/assets/scripts/basket.ts.
debug: Resolve file:///C:/Users/king/Documents/Bootcamp-AthenaStudio-TranGiaKiet/basket-boy/assets/scripts/gameManager.ts from cce:/internal/x/prerequisite-imports as file:///C:/Users/king/Documents/Bootcamp-AthenaStudio-TranGiaKiet/basket-boy/assets/scripts/gameManager.ts.
debug: Resolve file:///C:/Users/king/Documents/Bootcamp-AthenaStudio-TranGiaKiet/basket-boy/assets/scripts/player.ts from cce:/internal/x/prerequisite-imports as file:///C:/Users/king/Documents/Bootcamp-AthenaStudio-TranGiaKiet/basket-boy/assets/scripts/player.ts.
debug: Resolve file:///C:/Users/king/Documents/Bootcamp-AthenaStudio-TranGiaKiet/basket-boy/assets/scripts/trajectory.ts from cce:/internal/x/prerequisite-imports as file:///C:/Users/king/Documents/Bootcamp-AthenaStudio-TranGiaKiet/basket-boy/assets/scripts/trajectory.ts.
debug: Inspect file:///C:/Users/king/Documents/Bootcamp-AthenaStudio-TranGiaKiet/basket-boy/assets/scripts/ball.ts
debug: Inspect file:///C:/Users/king/Documents/Bootcamp-AthenaStudio-TranGiaKiet/basket-boy/assets/scripts/basket.ts
debug: Inspect file:///C:/Users/king/Documents/Bootcamp-AthenaStudio-TranGiaKiet/basket-boy/assets/scripts/gameManager.ts
debug: Inspect file:///C:/Users/king/Documents/Bootcamp-AthenaStudio-TranGiaKiet/basket-boy/assets/scripts/player.ts
debug: Inspect file:///C:/Users/king/Documents/Bootcamp-AthenaStudio-TranGiaKiet/basket-boy/assets/scripts/trajectory.ts
debug: Resolve cc from file:///C:/Users/king/Documents/Bootcamp-AthenaStudio-TranGiaKiet/basket-boy/assets/scripts/basket.ts as cce:/internal/x/cc.
debug: Resolve cc from file:///C:/Users/king/Documents/Bootcamp-AthenaStudio-TranGiaKiet/basket-boy/assets/scripts/basket.ts as cce:/internal/x/cc.
debug: Resolve cc from file:///C:/Users/king/Documents/Bootcamp-AthenaStudio-TranGiaKiet/basket-boy/assets/scripts/player.ts as cce:/internal/x/cc.
debug: Resolve cc from file:///C:/Users/king/Documents/Bootcamp-AthenaStudio-TranGiaKiet/basket-boy/assets/scripts/player.ts as cce:/internal/x/cc.
debug: Resolve cce:/internal/code-quality/cr.mjs from file:///C:/Users/king/Documents/Bootcamp-AthenaStudio-TranGiaKiet/basket-boy/assets/scripts/ball.ts as cce:/internal/code-quality/cr.mjs.
debug: Resolve cc from file:///C:/Users/king/Documents/Bootcamp-AthenaStudio-TranGiaKiet/basket-boy/assets/scripts/ball.ts as cce:/internal/x/cc.
debug: Resolve cc from file:///C:/Users/king/Documents/Bootcamp-AthenaStudio-TranGiaKiet/basket-boy/assets/scripts/ball.ts as cce:/internal/x/cc.
debug: Detected change: cce:/internal/code-quality/cr.mjs. Last mtime: Wed Mar 02 2022 10:18:38 GMT+0700 (Indochina Time), Current mtime: Mon Jun 20 2022 12:02:44 GMT+0700 (Indochina Time)
debug: Inspect cce:/internal/code-quality/cr.mjs
debug: Resolve cce:/internal/code-quality/cr.mjs from file:///C:/Users/king/Documents/Bootcamp-AthenaStudio-TranGiaKiet/basket-boy/assets/scripts/gameManager.ts as cce:/internal/code-quality/cr.mjs.
debug: Resolve cc from file:///C:/Users/king/Documents/Bootcamp-AthenaStudio-TranGiaKiet/basket-boy/assets/scripts/gameManager.ts as cce:/internal/x/cc.
debug: Resolve cc from file:///C:/Users/king/Documents/Bootcamp-AthenaStudio-TranGiaKiet/basket-boy/assets/scripts/gameManager.ts as cce:/internal/x/cc.
debug: Resolve ./gameManager from file:///C:/Users/king/Documents/Bootcamp-AthenaStudio-TranGiaKiet/basket-boy/assets/scripts/ball.ts as file:///C:/Users/king/Documents/Bootcamp-AthenaStudio-TranGiaKiet/basket-boy/assets/scripts/gameManager.ts.
debug: Resolve cc from file:///C:/Users/king/Documents/Bootcamp-AthenaStudio-TranGiaKiet/basket-boy/assets/scripts/trajectory.ts as cce:/internal/x/cc.
debug: Resolve cc from file:///C:/Users/king/Documents/Bootcamp-AthenaStudio-TranGiaKiet/basket-boy/assets/scripts/trajectory.ts as cce:/internal/x/cc.
debug: Resolve ./ball from file:///C:/Users/king/Documents/Bootcamp-AthenaStudio-TranGiaKiet/basket-boy/assets/scripts/gameManager.ts as file:///C:/Users/king/Documents/Bootcamp-AthenaStudio-TranGiaKiet/basket-boy/assets/scripts/ball.ts.
debug: Resolve ./player from file:///C:/Users/king/Documents/Bootcamp-AthenaStudio-TranGiaKiet/basket-boy/assets/scripts/gameManager.ts as file:///C:/Users/king/Documents/Bootcamp-AthenaStudio-TranGiaKiet/basket-boy/assets/scripts/player.ts.
debug: Resolve ./trajectory from file:///C:/Users/king/Documents/Bootcamp-AthenaStudio-TranGiaKiet/basket-boy/assets/scripts/gameManager.ts as file:///C:/Users/king/Documents/Bootcamp-AthenaStudio-TranGiaKiet/basket-boy/assets/scripts/trajectory.ts.
debug: Target(editor) ends with cost 2830.134100019932ms.
debug: Target(preview) build started.
debug: Detected change: cce:/internal/x/cc. Last mtime: Thu Jan 01 1970 07:00:38 GMT+0700 (Indochina Time), Current mtime: Thu Jan 01 1970 07:00:45 GMT+0700 (Indochina Time)
debug: Inspect cce:/internal/x/cc
debug: Resolve cce:/internal/x/cc-fu/base from cce:/internal/x/cc as external dependency cce:/internal/x/cc-fu/base.
debug: Resolve cce:/internal/x/cc-fu/gfx-webgl from cce:/internal/x/cc as external dependency cce:/internal/x/cc-fu/gfx-webgl.
debug: Resolve cce:/internal/x/cc-fu/2d from cce:/internal/x/cc as external dependency cce:/internal/x/cc-fu/2d.
debug: Resolve cce:/internal/x/cc-fu/ui from cce:/internal/x/cc as external dependency cce:/internal/x/cc-fu/ui.
debug: Resolve cce:/internal/x/cc-fu/physics-2d-box2d from cce:/internal/x/cc as external dependency cce:/internal/x/cc-fu/physics-2d-box2d.
debug: Resolve cce:/internal/x/cc-fu/physics-2d-framework from cce:/internal/x/cc as external dependency cce:/internal/x/cc-fu/physics-2d-framework.
debug: Resolve cce:/internal/x/cc-fu/intersection-2d from cce:/internal/x/cc as external dependency cce:/internal/x/cc-fu/intersection-2d.
debug: Resolve cce:/internal/x/cc-fu/profiler from cce:/internal/x/cc as external dependency cce:/internal/x/cc-fu/profiler.
debug: Resolve cce:/internal/x/cc-fu/particle-2d from cce:/internal/x/cc as external dependency cce:/internal/x/cc-fu/particle-2d.
debug: Resolve cce:/internal/x/cc-fu/audio from cce:/internal/x/cc as external dependency cce:/internal/x/cc-fu/audio.
debug: Resolve cce:/internal/x/cc-fu/video from cce:/internal/x/cc as external dependency cce:/internal/x/cc-fu/video.
debug: Resolve cce:/internal/x/cc-fu/webview from cce:/internal/x/cc as external dependency cce:/internal/x/cc-fu/webview.
debug: Resolve cce:/internal/x/cc-fu/tween from cce:/internal/x/cc as external dependency cce:/internal/x/cc-fu/tween.
debug: Resolve cce:/internal/x/cc-fu/tiled-map from cce:/internal/x/cc as external dependency cce:/internal/x/cc-fu/tiled-map.
debug: Resolve cce:/internal/x/cc-fu/spine from cce:/internal/x/cc as external dependency cce:/internal/x/cc-fu/spine.
debug: Resolve cce:/internal/x/cc-fu/dragon-bones from cce:/internal/x/cc as external dependency cce:/internal/x/cc-fu/dragon-bones.
debug: Detected change: cce:/internal/x/prerequisite-imports. Last mtime: Thu Jan 01 1970 07:01:09 GMT+0700 (Indochina Time), Current mtime: Thu Jan 01 1970 07:01:29 GMT+0700 (Indochina Time)
debug: Inspect cce:/internal/x/prerequisite-imports
debug: Resolve file:///C:/Users/king/Documents/Bootcamp-AthenaStudio-TranGiaKiet/basket-boy/assets/scripts/ball.ts from cce:/internal/x/prerequisite-imports as file:///C:/Users/king/Documents/Bootcamp-AthenaStudio-TranGiaKiet/basket-boy/assets/scripts/ball.ts.
debug: Resolve file:///C:/Users/king/Documents/Bootcamp-AthenaStudio-TranGiaKiet/basket-boy/assets/scripts/basket.ts from cce:/internal/x/prerequisite-imports as file:///C:/Users/king/Documents/Bootcamp-AthenaStudio-TranGiaKiet/basket-boy/assets/scripts/basket.ts.
debug: Resolve file:///C:/Users/king/Documents/Bootcamp-AthenaStudio-TranGiaKiet/basket-boy/assets/scripts/gameManager.ts from cce:/internal/x/prerequisite-imports as file:///C:/Users/king/Documents/Bootcamp-AthenaStudio-TranGiaKiet/basket-boy/assets/scripts/gameManager.ts.
debug: Resolve file:///C:/Users/king/Documents/Bootcamp-AthenaStudio-TranGiaKiet/basket-boy/assets/scripts/player.ts from cce:/internal/x/prerequisite-imports as file:///C:/Users/king/Documents/Bootcamp-AthenaStudio-TranGiaKiet/basket-boy/assets/scripts/player.ts.
debug: Resolve file:///C:/Users/king/Documents/Bootcamp-AthenaStudio-TranGiaKiet/basket-boy/assets/scripts/trajectory.ts from cce:/internal/x/prerequisite-imports as file:///C:/Users/king/Documents/Bootcamp-AthenaStudio-TranGiaKiet/basket-boy/assets/scripts/trajectory.ts.
debug: Inspect file:///C:/Users/king/Documents/Bootcamp-AthenaStudio-TranGiaKiet/basket-boy/assets/scripts/ball.ts
debug: Inspect file:///C:/Users/king/Documents/Bootcamp-AthenaStudio-TranGiaKiet/basket-boy/assets/scripts/basket.ts
debug: Inspect file:///C:/Users/king/Documents/Bootcamp-AthenaStudio-TranGiaKiet/basket-boy/assets/scripts/gameManager.ts
debug: Inspect file:///C:/Users/king/Documents/Bootcamp-AthenaStudio-TranGiaKiet/basket-boy/assets/scripts/player.ts
debug: Inspect file:///C:/Users/king/Documents/Bootcamp-AthenaStudio-TranGiaKiet/basket-boy/assets/scripts/trajectory.ts
debug: Resolve cce:/internal/code-quality/cr.mjs from file:///C:/Users/king/Documents/Bootcamp-AthenaStudio-TranGiaKiet/basket-boy/assets/scripts/ball.ts as cce:/internal/code-quality/cr.mjs.
debug: Resolve cc from file:///C:/Users/king/Documents/Bootcamp-AthenaStudio-TranGiaKiet/basket-boy/assets/scripts/ball.ts as cce:/internal/x/cc.
debug: Resolve cc from file:///C:/Users/king/Documents/Bootcamp-AthenaStudio-TranGiaKiet/basket-boy/assets/scripts/ball.ts as cce:/internal/x/cc.
debug: Detected change: cce:/internal/code-quality/cr.mjs. Last mtime: Wed Mar 02 2022 10:18:38 GMT+0700 (Indochina Time), Current mtime: Mon Jun 20 2022 12:02:44 GMT+0700 (Indochina Time)
debug: Inspect cce:/internal/code-quality/cr.mjs
debug: Resolve cce:/internal/code-quality/cr.mjs from file:///C:/Users/king/Documents/Bootcamp-AthenaStudio-TranGiaKiet/basket-boy/assets/scripts/gameManager.ts as cce:/internal/code-quality/cr.mjs.
debug: Resolve cc from file:///C:/Users/king/Documents/Bootcamp-AthenaStudio-TranGiaKiet/basket-boy/assets/scripts/gameManager.ts as cce:/internal/x/cc.
debug: Resolve cc from file:///C:/Users/king/Documents/Bootcamp-AthenaStudio-TranGiaKiet/basket-boy/assets/scripts/gameManager.ts as cce:/internal/x/cc.
debug: Resolve cc from file:///C:/Users/king/Documents/Bootcamp-AthenaStudio-TranGiaKiet/basket-boy/assets/scripts/player.ts as cce:/internal/x/cc.
debug: Resolve cc from file:///C:/Users/king/Documents/Bootcamp-AthenaStudio-TranGiaKiet/basket-boy/assets/scripts/player.ts as cce:/internal/x/cc.
debug: Resolve cc from file:///C:/Users/king/Documents/Bootcamp-AthenaStudio-TranGiaKiet/basket-boy/assets/scripts/trajectory.ts as cce:/internal/x/cc.
debug: Resolve cc from file:///C:/Users/king/Documents/Bootcamp-AthenaStudio-TranGiaKiet/basket-boy/assets/scripts/trajectory.ts as cce:/internal/x/cc.
debug: Resolve cc from file:///C:/Users/king/Documents/Bootcamp-AthenaStudio-TranGiaKiet/basket-boy/assets/scripts/basket.ts as cce:/internal/x/cc.
debug: Resolve cc from file:///C:/Users/king/Documents/Bootcamp-AthenaStudio-TranGiaKiet/basket-boy/assets/scripts/basket.ts as cce:/internal/x/cc.
debug: Resolve ./gameManager from file:///C:/Users/king/Documents/Bootcamp-AthenaStudio-TranGiaKiet/basket-boy/assets/scripts/ball.ts as file:///C:/Users/king/Documents/Bootcamp-AthenaStudio-TranGiaKiet/basket-boy/assets/scripts/gameManager.ts.
debug: Resolve ./ball from file:///C:/Users/king/Documents/Bootcamp-AthenaStudio-TranGiaKiet/basket-boy/assets/scripts/gameManager.ts as file:///C:/Users/king/Documents/Bootcamp-AthenaStudio-TranGiaKiet/basket-boy/assets/scripts/ball.ts.
debug: Resolve ./player from file:///C:/Users/king/Documents/Bootcamp-AthenaStudio-TranGiaKiet/basket-boy/assets/scripts/gameManager.ts as file:///C:/Users/king/Documents/Bootcamp-AthenaStudio-TranGiaKiet/basket-boy/assets/scripts/player.ts.
debug: Resolve ./trajectory from file:///C:/Users/king/Documents/Bootcamp-AthenaStudio-TranGiaKiet/basket-boy/assets/scripts/gameManager.ts as file:///C:/Users/king/Documents/Bootcamp-AthenaStudio-TranGiaKiet/basket-boy/assets/scripts/trajectory.ts.
debug: Target(preview) ends with cost 2538.3639000058174ms.
